[debug] [2021-11-30T03:51:36.244Z] ----------------------------------------------------------------------
[debug] [2021-11-30T03:51:36.249Z] Command:       C:\Program Files\nodejs\node.exe C:\Users\Joy\AppData\Roaming\npm\node_modules\firebase-tools\lib\bin\firebase.js deploy
[debug] [2021-11-30T03:51:36.250Z] CLI Version:   9.23.0
[debug] [2021-11-30T03:51:36.250Z] Platform:      win32
[debug] [2021-11-30T03:51:36.250Z] Node Version:  v16.13.0
[debug] [2021-11-30T03:51:36.252Z] Time:          Mon Nov 29 2021 19:51:36 GMT-0800 (Pacific Standard Time)
[debug] [2021-11-30T03:51:36.253Z] ----------------------------------------------------------------------
[debug] 
[debug] [2021-11-30T03:51:36.370Z] > command requires scopes: ["email","openid","https://www.googleapis.com/auth/cloudplatformprojects.readonly","https://www.googleapis.com/auth/firebase","https://www.googleapis.com/auth/cloud-platform"]
[debug] [2021-11-30T03:51:36.371Z] > authorizing via signed-in user (joybarua0058@gmail.com)
[debug] [2021-11-30T03:51:36.371Z] [iam] checking project jovial-trips for permissions ["firebase.projects.get","firebasehosting.sites.update"]
[debug] [2021-11-30T03:51:36.376Z] >>> HTTP REQUEST POST https://cloudresourcemanager.googleapis.com/v1/projects/jovial-trips:testIamPermissions  
 {"permissions":["firebase.projects.get","firebasehosting.sites.update"]}
[debug] [2021-11-30T03:51:38.200Z] <<< HTTP RESPONSE 200 {"content-type":"application/json; charset=UTF-8","vary":"X-Origin, Referer, Origin,Accept-Encoding","date":"Mon, 29 Nov 2021 13:51:47 GMT","server":"ESF","cache-control":"private","x-xss-protection":"0","x-frame-options":"SAMEORIGIN","x-content-type-options":"nosniff","server-timing":"gfet4t7; dur=1401","alt-svc":"h3=\":443\"; ma=2592000,h3-29=\":443\"; ma=2592000,h3-Q050=\":443\"; ma=2592000,h3-Q046=\":443\"; ma=2592000,h3-Q043=\":443\"; ma=2592000,quic=\":443\"; ma=2592000; v=\"46,43\"","accept-ranges":"none","transfer-encoding":"chunked"}
[debug] [2021-11-30T03:51:38.205Z] > refreshing access token with scopes: []
[debug] [2021-11-30T03:51:38.206Z] >>> HTTP REQUEST POST https://www.googleapis.com/oauth2/v3/token  
 <request body omitted>
[debug] [2021-11-30T03:51:38.535Z] <<< HTTP RESPONSE 200 {"expires":"Mon, 01 Jan 1990 00:00:00 GMT","pragma":"no-cache","date":"Mon, 29 Nov 2021 13:51:47 GMT","cache-control":"no-cache, no-store, max-age=0, must-revalidate","content-type":"application/json; charset=utf-8","vary":"X-Origin, Referer, Origin,Accept-Encoding","server":"scaffolding on HTTPServer2","x-xss-protection":"0","x-frame-options":"SAMEORIGIN","x-content-type-options":"nosniff","alt-svc":"h3=\":443\"; ma=2592000,h3-29=\":443\"; ma=2592000,h3-Q050=\":443\"; ma=2592000,h3-Q046=\":443\"; ma=2592000,h3-Q043=\":443\"; ma=2592000,quic=\":443\"; ma=2592000; v=\"46,43\"","accept-ranges":"none","transfer-encoding":"chunked"}
[debug] [2021-11-30T03:51:38.551Z] >>> [apiv2][query] GET https://firebase.googleapis.com/v1beta1/projects/jovial-trips [none]
[debug] [2021-11-30T03:51:39.160Z] <<< [apiv2][status] GET https://firebase.googleapis.com/v1beta1/projects/jovial-trips 200
[debug] [2021-11-30T03:51:39.161Z] <<< [apiv2][body] GET https://firebase.googleapis.com/v1beta1/projects/jovial-trips {"projectId":"jovial-trips","projectNumber":"598982849622","displayName":"Jovial Trips","name":"projects/jovial-trips","resources":{"hostingSite":"jovial-trips"},"state":"ACTIVE"}
[info] 
[info] === Deploying to 'jovial-trips'...
[info] 
[info] i  deploying hosting 
[debug] [2021-11-30T03:51:39.172Z] > refreshing access token with scopes: ["email","https://www.googleapis.com/auth/cloud-platform","https://www.googleapis.com/auth/cloudplatformprojects.readonly","https://www.googleapis.com/auth/firebase","openid"]
[debug] [2021-11-30T03:51:39.172Z] >>> HTTP REQUEST POST https://www.googleapis.com/oauth2/v3/token  
 <request body omitted>
[debug] [2021-11-30T03:51:39.484Z] <<< HTTP RESPONSE 200 {"cache-control":"no-cache, no-store, max-age=0, must-revalidate","expires":"Mon, 01 Jan 1990 00:00:00 GMT","date":"Mon, 29 Nov 2021 13:51:48 GMT","pragma":"no-cache","content-type":"application/json; charset=utf-8","vary":"X-Origin, Referer, Origin,Accept-Encoding","server":"scaffolding on HTTPServer2","x-xss-protection":"0","x-frame-options":"SAMEORIGIN","x-content-type-options":"nosniff","alt-svc":"h3=\":443\"; ma=2592000,h3-29=\":443\"; ma=2592000,h3-Q050=\":443\"; ma=2592000,h3-Q046=\":443\"; ma=2592000,h3-Q043=\":443\"; ma=2592000,quic=\":443\"; ma=2592000; v=\"46,43\"","accept-ranges":"none","transfer-encoding":"chunked"}
[debug] [2021-11-30T03:51:39.495Z] >>> HTTP REQUEST POST https://firebasehosting.googleapis.com/v1beta1/sites/jovial-trips/versions  
 {"config":{"rewrites":[{"glob":"**","path":"/index.html"}]},"labels":{"deployment-tool":"cli-firebase"}}
[debug] [2021-11-30T03:51:41.628Z] <<< HTTP RESPONSE 200 {"content-type":"application/json; charset=UTF-8","vary":"X-Origin, Referer, Origin,Accept-Encoding","date":"Mon, 29 Nov 2021 13:51:50 GMT","server":"ESF","cache-control":"private","x-xss-protection":"0","x-frame-options":"SAMEORIGIN","x-content-type-options":"nosniff","alt-svc":"h3=\":443\"; ma=2592000,h3-29=\":443\"; ma=2592000,h3-Q050=\":443\"; ma=2592000,h3-Q046=\":443\"; ma=2592000,h3-Q043=\":443\"; ma=2592000,quic=\":443\"; ma=2592000; v=\"46,43\"","accept-ranges":"none","transfer-encoding":"chunked"}
[info] i  hosting[jovial-trips]: beginning deploy... 
[info] i  hosting[jovial-trips]: found 19 files in build 
[debug] [2021-11-30T03:51:41.661Z] > refreshing access token with scopes: []
[debug] [2021-11-30T03:51:41.661Z] >>> HTTP REQUEST POST https://www.googleapis.com/oauth2/v3/token  
 <request body omitted>
[debug] [2021-11-30T03:51:41.664Z] [hosting] hash cache [YnVpbGQ] stored for 19 files
[debug] [2021-11-30T03:51:41.664Z] [hosting][hash queue][FINAL] {"max":4,"min":0,"avg":0,"active":0,"complete":19,"success":19,"errored":0,"retried":0,"total":19,"elapsed":9}
[debug] [2021-11-30T03:51:41.975Z] <<< HTTP RESPONSE 200 {"cache-control":"no-cache, no-store, max-age=0, must-revalidate","expires":"Mon, 01 Jan 1990 00:00:00 GMT","pragma":"no-cache","date":"Mon, 29 Nov 2021 13:51:50 GMT","content-type":"application/json; charset=utf-8","vary":"X-Origin, Referer, Origin,Accept-Encoding","server":"scaffolding on HTTPServer2","x-xss-protection":"0","x-frame-options":"SAMEORIGIN","x-content-type-options":"nosniff","alt-svc":"h3=\":443\"; ma=2592000,h3-29=\":443\"; ma=2592000,h3-Q050=\":443\"; ma=2592000,h3-Q046=\":443\"; ma=2592000,h3-Q043=\":443\"; ma=2592000,quic=\":443\"; ma=2592000; v=\"46,43\"","accept-ranges":"none","transfer-encoding":"chunked"}
[debug] [2021-11-30T03:51:41.989Z] >>> [apiv2][query] POST https://firebasehosting.googleapis.com/v1beta1/sites/jovial-trips/versions/d759e748475cbf52:populateFiles [none]
[debug] [2021-11-30T03:51:41.989Z] >>> [apiv2][body] POST https://firebasehosting.googleapis.com/v1beta1/sites/jovial-trips/versions/d759e748475cbf52:populateFiles {"files":{"/404.html":"daa499dd96d8229e73235345702ba32f0793f0c8e5c0d30e40e37a5872be57aa","/asset-manifest.json":"f09cac123d5bcda454b78964b23343e25783c292c02e5960ad0d2a0a4a6b4c53","/favicon.ico":"eae62e993eb980ec8a25058c39d5a51feab118bd2100c4deebb2a9c158ec11f9","/index.html":"9b8d980c64efdc5508f86afe8f7ed157fe1777a766c9ba06e852a527436bb749","/logo192.png":"3ee59515172ee198f3be375979df15ac5345183e656720a381b8872b2a39dc8b","/logo512.png":"ee7e2f3fdb8209c4b6fd7bef6ba50d1b9dba30a25bb5c3126df057e1cb6f5331","/manifest.json":"aff3449bdc238776f5d6d967f19ec491b36aed5fb7f23ccff6500736fd58494a","/robots.txt":"bfe106a3fb878dc83461c86818bf74fc1bdc7f28538ba613cd3e775516ce8b49","/static/css/main.a4981cfa.chunk.css":"008e38d42c86e770a0b94cd02d2b17cb6c11d858b7524c92939be711b2b0136b","/static/css/main.a4981cfa.chunk.css.map":"c0aa522f4a533ce3b9ba39d622b10794d5750475c259a3f0cb79edad6f8090b3","/static/js/2.7c169b2b.chunk.js":"463fb396c3e2dd1c629eb117bab60ce1c653b9630c15df59782f99985cbc071d","/static/js/2.7c169b2b.chunk.js.LICENSE.txt":"aea587baccbeb03e4b14386f5248ba83b32bc7d6da081537025be9ebb4ad69b5","/static/js/2.7c169b2b.chunk.js.map":"92ddee89cb95fc9f6c3101c86623acf14a307cc9625ef44fa6e97f87e55f6f55","/static/js/3.6b2ecda5.chunk.js":"8b9cbbc2a9fdfff9cf462df09c30749e69f539332dc071ebfaf0ef704747b158","/static/js/3.6b2ecda5.chunk.js.map":"730e585cd328c9bc15de1404b8bc18a135dee3be5c9daf3ea6440ae16b635639","/static/js/main.8b8b4dc1.chunk.js":"69c8e9fcd03434b42d5fe1b828c7b9587ad3e09a3ec018da7a0d17745cc629f4","/static/js/main.8b8b4dc1.chunk.js.map":"5ff205f90cd12ef70ebbb832f74b0dcfdcae3a47e62fe8288143a6731d1d96a8","/static/js/runtime-main.cab6e8a1.js":"1021631c313f27d23f598dc9124f369ef0bb26678cbe35a12eda3128a51bdf62","/static/js/runtime-main.cab6e8a1.js.map":"4847589049c4d83ded89fb934c46a81aa0308a567c4e33085f3955dc4c1386c1"}}
[debug] [2021-11-30T03:51:43.987Z] <<< [apiv2][status] POST https://firebasehosting.googleapis.com/v1beta1/sites/jovial-trips/versions/d759e748475cbf52:populateFiles 200
[debug] [2021-11-30T03:51:43.988Z] <<< [apiv2][body] POST https://firebasehosting.googleapis.com/v1beta1/sites/jovial-trips/versions/d759e748475cbf52:populateFiles {"uploadUrl":"https://upload-firebasehosting.googleapis.com/upload/sites/jovial-trips/versions/d759e748475cbf52/files"}
[debug] [2021-11-30T03:51:43.988Z] [hosting][populate queue][FINAL] {"max":2328,"min":2328,"avg":2328,"active":0,"complete":1,"success":1,"errored":0,"retried":0,"total":1,"elapsed":2328}
[debug] [2021-11-30T03:51:43.988Z] [hosting] uploads queued: 0
[debug] [2021-11-30T03:51:43.989Z] [hosting][upload queue][FINAL] {"max":0,"min":9999999999,"avg":0,"active":0,"complete":0,"success":0,"errored":0,"retried":0,"total":0,"elapsed":1638244303989}
[info] +  hosting[jovial-trips]: file upload complete 
[debug] [2021-11-30T03:51:43.990Z] [hosting] deploy completed after 2360ms
[debug] [2021-11-30T03:51:43.994Z] [
  {
    "config": {
      "public": "build",
      "rewrites": [
        {
          "source": "**",
          "destination": "/index.html"
        }
      ],
      "ignore": [
        "firebase.json",
        "**/.*",
        "**/node_modules/**"
      ],
      "site": "jovial-trips"
    },
    "site": "jovial-trips",
    "version": "sites/jovial-trips/versions/d759e748475cbf52"
  }
]
[info] i  hosting[jovial-trips]: finalizing version... 
[debug] [2021-11-30T03:51:43.995Z] > refreshing access token with scopes: ["email","https://www.googleapis.com/auth/cloud-platform","https://www.googleapis.com/auth/cloudplatformprojects.readonly","https://www.googleapis.com/auth/firebase","openid"]
[debug] [2021-11-30T03:51:43.995Z] >>> HTTP REQUEST POST https://www.googleapis.com/oauth2/v3/token  
 <request body omitted>
[debug] [2021-11-30T03:51:44.315Z] <<< HTTP RESPONSE 200 {"cache-control":"no-cache, no-store, max-age=0, must-revalidate","expires":"Mon, 01 Jan 1990 00:00:00 GMT","pragma":"no-cache","date":"Mon, 29 Nov 2021 13:51:53 GMT","content-type":"application/json; charset=utf-8","vary":"X-Origin, Referer, Origin,Accept-Encoding","server":"scaffolding on HTTPServer2","x-xss-protection":"0","x-frame-options":"SAMEORIGIN","x-content-type-options":"nosniff","alt-svc":"h3=\":443\"; ma=2592000,h3-29=\":443\"; ma=2592000,h3-Q050=\":443\"; ma=2592000,h3-Q046=\":443\"; ma=2592000,h3-Q043=\":443\"; ma=2592000,quic=\":443\"; ma=2592000; v=\"46,43\"","accept-ranges":"none","transfer-encoding":"chunked"}
[debug] [2021-11-30T03:51:44.329Z] >>> HTTP REQUEST PATCH https://firebasehosting.googleapis.com/v1beta1/sites/jovial-trips/versions/d759e748475cbf52?updateMask=status  
 {"status":"FINALIZED"}
[debug] [2021-11-30T03:51:46.245Z] <<< HTTP RESPONSE 200 {"content-type":"application/json; charset=UTF-8","vary":"X-Origin, Referer, Origin,Accept-Encoding","date":"Mon, 29 Nov 2021 13:51:55 GMT","server":"ESF","cache-control":"private","x-xss-protection":"0","x-frame-options":"SAMEORIGIN","x-content-type-options":"nosniff","alt-svc":"h3=\":443\"; ma=2592000,h3-29=\":443\"; ma=2592000,h3-Q050=\":443\"; ma=2592000,h3-Q046=\":443\"; ma=2592000,h3-Q043=\":443\"; ma=2592000,quic=\":443\"; ma=2592000; v=\"46,43\"","accept-ranges":"none","transfer-encoding":"chunked"}
[debug] [2021-11-30T03:51:46.245Z] [hosting] finalized version for jovial-trips: {"name":"sites/jovial-trips/versions/d759e748475cbf52","status":"FINALIZED","config":{"rewrites":[{"glob":"**","path":"/index.html"}]},"labels":{"deployment-tool":"cli-firebase"},"createTime":"2021-11-29T13:51:50.255069Z","createUser":{"email":"joybarua0058@gmail.com"},"finalizeTime":"2021-11-29T13:51:55.065526Z","finalizeUser":{"email":"joybarua0058@gmail.com"}}
[info] +  hosting[jovial-trips]: version finalized 
[info] i  hosting[jovial-trips]: releasing new version... 
[debug] [2021-11-30T03:51:46.249Z] >>> HTTP REQUEST POST https://firebasehosting.googleapis.com/v1beta1/sites/jovial-trips/releases?version_name=sites/jovial-trips/versions/d759e748475cbf52  
 {"message":null}
